#-----------------------------------------------------------
# PlanAhead v14.6
# Build 269223 by xbuild on Wed Jun  5 11:17:50 MDT 2013
# Start of session at: Thu Dec 07 06:46:59 2017
# Process ID: 11520
# Log file: E:/MIPS16-processor-master/processor/planAhead_run_2/planAhead.log
# Journal file: E:/MIPS16-processor-master/processor/planAhead_run_2/planAhead.jou
#-----------------------------------------------------------
INFO: [Common 17-78] Attempting to get a license: PlanAhead
INFO: [Common 17-290] Got license for PlanAhead
INFO: [Common 17-86] Your PlanAhead license expires in -371 day(s)
INFO: [Device 21-36] Loading parts and site information from C:/Xilinx/14.6/ISE_DS/PlanAhead/data/parts/arch.xml
Parsing RTL primitives file [C:/Xilinx/14.6/ISE_DS/PlanAhead/data/parts/xilinx/rtl/prims/rtl_prims.xml]
Finished parsing RTL primitives file [C:/Xilinx/14.6/ISE_DS/PlanAhead/data/parts/xilinx/rtl/prims/rtl_prims.xml]
start_gui
source E:/MIPS16-processor-master/processor/pa.fromNetlist.tcl
# create_project -name processor -dir "E:/MIPS16-processor-master/processor/planAhead_run_2" -part xc3s1200efg320-4
# set_property design_mode GateLvl [get_property srcset [current_run -impl]]
# set_property edif_top_file "E:/MIPS16-processor-master/processor/processor.ngc" [ get_property srcset [ current_run ] ]
# add_files -norecurse { {E:/MIPS16-processor-master/processor} {ipcore_dir} }
# add_files [list {ipcore_dir/font.ncf}] -fileset [get_property constrset [current_run]]
# set_param project.pinAheadLayout  yes
# set_property target_constrs_file "processor.ucf" [current_fileset -constrset]
Adding file 'E:/MIPS16-processor-master/processor/processor.ucf' to fileset 'constrs_1'
# add_files [list {processor.ucf}] -fileset [get_property constrset [current_run]]
# link_design
Design is defaulting to srcset: sources_1
Design is defaulting to constrset: constrs_1
Design is defaulting to project part: xc3s1200efg320-4
Release 14.6 - ngc2edif P.68d (nt)
Copyright (c) 1995-2013 Xilinx, Inc.  All rights reserved.

Release 14.6 - ngc2edif P.68d (nt)
Copyright (c) 1995-2013 Xilinx, Inc.  All rights reserved.
Reading design processor.ngc ...
WARNING:NetListWriters:298 - No output is written to processor.xncf, ignored.
Processing design ...
   Preping design's networks ...
   Preping design's macros ...
WARNING:NetListWriters:306 - Signal bus ID_ALU_regs_imp/immediate_out<15 : 0> on
   block processor is not reconstructed, because there are some missing bus
   signals.
WARNING:NetListWriters:306 - Signal bus VGA/Madd_add0000_add0001_cy<5 : 2> on
   block processor is not reconstructed, because there are some missing bus
   signals.
WARNING:NetListWriters:306 - Signal bus VGA/Madd_fuck_addsub0000_cy<7 : 4> on
   block processor is not reconstructed, because there are some missing bus
   signals.
WARNING:NetListWriters:306 - Signal bus VGA/Madd_h_addsub0000_Madd_cy<5 : 3> on
   block processor is not reconstructed, because there are some missing bus
   signals.
WARNING:NetListWriters:306 - Signal bus VGA/Madd_h_not0000<9 : 1> on block
   processor is not reconstructed, because there are some missing bus signals.
WARNING:NetListWriters:306 - Signal bus VGA/Madd_romAddr_add0220_lut<7 : 5> on
   block processor is not reconstructed, because there are some missing bus
   signals.
WARNING:NetListWriters:306 - Signal bus VGA/Madd_w_not0000<8 : 1> on block
   processor is not reconstructed, because there are some missing bus signals.
WARNING:NetListWriters:306 - Signal bus VGA/Msub_romAddr_addsub0000_Madd_cy<5 :
   2> on block processor is not reconstructed, because there are some missing
   bus signals.
WARNING:NetListWriters:306 - Signal bus VGA/tmp_mux0015<6 : 1> on block
   processor is not reconstructed, because there are some missing bus signals.
WARNING:NetListWriters:306 - Signal bus VGA/w_mux0000<4 : 0> on block processor
   is not reconstructed, because there are some missing bus signals.
WARNING:NetListWriters:306 - Signal bus address_in_to_if_tmp<14 : 2> on block
   processor is not reconstructed, because there are some missing bus signals.
  finished :Prep
Writing EDIF netlist file processor.edif ...
ngc2edif: Total memory usage is 75380 kilobytes

Parsing EDIF File [./planAhead_run_2/processor.data/cache/processor_ngc_zx.edif]
Finished Parsing EDIF File [./planAhead_run_2/processor.data/cache/processor_ngc_zx.edif]
Release 14.6 - ngc2edif P.68d (nt)
Copyright (c) 1995-2013 Xilinx, Inc.  All rights reserved.

Release 14.6 - ngc2edif P.68d (nt)
Copyright (c) 1995-2013 Xilinx, Inc.  All rights reserved.
Reading design font.ngc ...
WARNING:NetListWriters:298 - No output is written to font.xncf, ignored.
Processing design ...
   Preping design's networks ...
   Preping design's macros ...
  finished :Prep
Writing EDIF netlist file font.edif ...
ngc2edif: Total memory usage is 64500 kilobytes

Reading core file 'E:/MIPS16-processor-master/processor/ipcore_dir/font.ngc' for (cell view 'font', library 'processor_lib', file 'processor.ngc')
Parsing EDIF File [./planAhead_run_2/processor.data/cache/font_ngc_zx.edif]
Finished Parsing EDIF File [./planAhead_run_2/processor.data/cache/font_ngc_zx.edif]
INFO: [Designutils 20-910] Reading macro library C:/Xilinx/14.6/ISE_DS/PlanAhead/data\./parts/xilinx/spartan3e/spartan3e/hd_int_macros.edn
Parsing EDIF File [C:/Xilinx/14.6/ISE_DS/PlanAhead/data\./parts/xilinx/spartan3e/spartan3e/hd_int_macros.edn]
Finished Parsing EDIF File [C:/Xilinx/14.6/ISE_DS/PlanAhead/data\./parts/xilinx/spartan3e/spartan3e/hd_int_macros.edn]
WARNING: [Netlist 29-43] Netlist 'processor' is not ideal for floorplanning, since the cellview 'processor' defined in file 'processor.ngc' contains large number of primitives.  Please consider enabling hierarchy in synthesis if you want to do floorplanning.
Loading clock regions from C:/Xilinx/14.6/ISE_DS/PlanAhead/data\parts/xilinx/spartan3e/spartan3e/xc3s1200e/ClockRegion.xml
Loading clock buffers from C:/Xilinx/14.6/ISE_DS/PlanAhead/data\parts/xilinx/spartan3e/spartan3e/xc3s1200e/ClockBuffers.xml
Loading package from C:/Xilinx/14.6/ISE_DS/PlanAhead/data\parts/xilinx/spartan3e/spartan3e/xc3s1200e/fg320/Package.xml
Loading io standards from C:/Xilinx/14.6/ISE_DS/PlanAhead/data\./parts/xilinx/spartan3e/IOStandards.xml
INFO: [Device 21-19] Loading pkg sso from C:/Xilinx/14.6/ISE_DS/PlanAhead/data\parts/xilinx/spartan3e/spartan3e/xc3s1200e/fg320/SSORules.xml
Loading list of drcs for the architecture : C:/Xilinx/14.6/ISE_DS/PlanAhead/data\./parts/xilinx/spartan3e/spartan3e/drc.xml
INFO: [Timing 38-77] Reading timing library C:/Xilinx/14.6/ISE_DS/PlanAhead/data\parts/xilinx/spartan3e/spartan3e/spartan3e-4.lib.
INFO: [Timing 38-34] Done reading timing library C:/Xilinx/14.6/ISE_DS/PlanAhead/data\parts/xilinx/spartan3e/spartan3e/spartan3e-4.lib.
Parsing UCF File [E:/MIPS16-processor-master/processor/ipcore_dir/font.ncf]
Finished Parsing UCF File [E:/MIPS16-processor-master/processor/ipcore_dir/font.ncf]
Parsing UCF File [E:/MIPS16-processor-master/processor/processor.ucf]
Finished Parsing UCF File [E:/MIPS16-processor-master/processor/processor.ucf]
INFO: [Project 1-111] Unisim Transformation Summary:
No Unisim elements were transformed.

Phase 0 | Netlist Checksum: d0c4a00c
link_design: Time (s): elapsed = 00:00:17 . Memory (MB): peak = 455.316 ; gain = 78.723
startgroup
set_property package_pin U6 [get_ports ps2clk]
endgroup
startgroup
set_property package_pin V6 [get_ports ps2data]
endgroup
save_constraints
exit
ERROR: [PlanAhead 12-106] *** Exception: ui.h.b: Found deleted key in HTclEventBroker. Verify if the classes listed here call cleanup()
HTclEvent: DEBUG_PORT_CONFIG_CHANGE   Classes: ui.views.aR 
HTclEvent: SIGNAL_MODIFY   Classes: ui.views.aR 
HTclEvent: SIGNAL_BUS_MODIFY   Classes: ui.views.aR 
HTclEvent: DEBUG_CORE_CONFIG_CHANGE   Classes: ui.views.aR 
 (See E:/MIPS16-processor-master/processor\planAhead_pid11520.debug)
ERROR: [Common 17-39] 'stop_gui' failed due to earlier errors.
INFO: [Common 17-206] Exiting PlanAhead at Thu Dec 07 06:49:54 2017...
INFO: [Common 17-83] Releasing license: PlanAhead
