Running: D:\Xilinx\14.7\ISE_DS\ISE\bin\nt64\unwrapped\fuse.exe -intstyle ise -incremental -o D:/yi__c/MIPS16-processor/processor/test_instruction_fetch_module_isim_beh.exe -prj D:/yi__c/MIPS16-processor/processor/test_instruction_fetch_module_beh.prj work.test_instruction_fetch_module 
ISim P.20131013 (signature 0x7708f090)
Number of CPUs detected in this system: 8
Turning on mult-threading, number of parallel sub-compilation jobs: 16 
Determining compilation order of HDL files
Parsing VHDL file "D:/yi__c/MIPS16-processor/processor/src/constants.vhd" into library work
Parsing VHDL file "D:/yi__c/MIPS16-processor/processor/src/instruction_fetch_module.vhd" into library work
Parsing VHDL file "D:/yi__c/MIPS16-processor/processor/test/test_instruction_fetch_module.vhd" into library work
Starting static elaboration
Completed static elaboration
Compiling package standard
Compiling package std_logic_1164
Compiling package std_logic_arith
Compiling package std_logic_unsigned
Compiling package constants
Compiling architecture behavioral of entity instruction_fetch_module [instruction_fetch_module_default]
Compiling architecture behavior of entity test_instruction_fetch_module
Time Resolution for simulation is 1ps.
Compiled 8 VHDL Units
Built simulation executable D:/yi__c/MIPS16-processor/processor/test_instruction_fetch_module_isim_beh.exe
Fuse Memory Usage: 33704 KB
Fuse CPU Usage: 405 ms
