#-----------------------------------------------------------
# PlanAhead v14.7 (64-bit)
# Build 321239 by xbuild on Fri Sep 27 19:29:51 MDT 2013
# Start of session at: Sat Dec 02 18:02:38 2017
# Process ID: 2608
# Log file: Z:/amadeus/academic_materials/Semester_Fall2017/Computer_Orgnization/projects/MIPS16-processor/processor/planAhead_run_1/planAhead.log
# Journal file: Z:/amadeus/academic_materials/Semester_Fall2017/Computer_Orgnization/projects/MIPS16-processor/processor/planAhead_run_1/planAhead.jou
#-----------------------------------------------------------
INFO: [Common 17-78] Attempting to get a license: PlanAhead
INFO: [Common 17-290] Got license for PlanAhead
INFO: [Device 21-36] Loading parts and site information from C:/Xilinx/14.7/ISE_DS/PlanAhead/data/parts/arch.xml
Parsing RTL primitives file [C:/Xilinx/14.7/ISE_DS/PlanAhead/data/parts/xilinx/rtl/prims/rtl_prims.xml]
Finished parsing RTL primitives file [C:/Xilinx/14.7/ISE_DS/PlanAhead/data/parts/xilinx/rtl/prims/rtl_prims.xml]
start_gui
source Z:/amadeus/academic_materials/Semester_Fall2017/Computer_Orgnization/projects/MIPS16-processor/processor/pa.fromNetlist.tcl
# create_project -name processor -dir "Z:/amadeus/academic_materials/Semester_Fall2017/Computer_Orgnization/projects/MIPS16-processor/processor/planAhead_run_2" -part xc3s1200efg320-4
# set_property design_mode GateLvl [get_property srcset [current_run -impl]]
# set_property edif_top_file "Z:/amadeus/academic_materials/Semester_Fall2017/Computer_Orgnization/projects/MIPS16-processor/processor/processor.ngc" [ get_property srcset [ current_run ] ]
# add_files -norecurse { {Z:/amadeus/academic_materials/Semester_Fall2017/Computer_Orgnization/projects/MIPS16-processor/processor} }
add_files: Time (s): elapsed = 00:00:12 . Memory (MB): peak = 491.219 ; gain = 0.000
# set_param project.pinAheadLayout  yes
# set_property target_constrs_file "processor.ucf" [current_fileset -constrset]
Adding file 'Z:/amadeus/academic_materials/Semester_Fall2017/Computer_Orgnization/projects/MIPS16-processor/processor/processor.ucf' to fileset 'constrs_1'
# add_files [list {processor.ucf}] -fileset [get_property constrset [current_run]]
# link_design
Design is defaulting to srcset: sources_1
Design is defaulting to constrset: constrs_1
Design is defaulting to project part: xc3s1200efg320-4
Release 14.7 - ngc2edif P.20131013 (nt64)
Copyright (c) 1995-2013 Xilinx, Inc.  All rights reserved.
Reading design processor.ngc ...
WARNING:NetListWriters:298 - No output is written to processor.xncf, ignored.
Processing design ...
   Preping design's networks ...
   Preping design's macros ...
WARNING:NetListWriters:306 - Signal bus ID_ALU_regs_imp/immediate_out<15 : 0> on
   block processor is not reconstructed, because there are some missing bus
   signals.
WARNING:NetListWriters:306 - Signal bus register_module_imp/read_data2_tmp<15 :
   0> on block processor is not reconstructed, because there are some missing
   bus signals.
  finished :Prep
Writing EDIF netlist file processor.edif ...
ngc2edif: Total memory usage is 86180 kilobytes

Parsing EDIF File [./planAhead_run_2/processor.data/cache/processor_ngc_zx.edif]
Finished Parsing EDIF File [./planAhead_run_2/processor.data/cache/processor_ngc_zx.edif]
INFO: [Designutils 20-910] Reading macro library C:/Xilinx/14.7/ISE_DS/PlanAhead/data\./parts/xilinx/spartan3e/spartan3e/hd_int_macros.edn
Parsing EDIF File [C:/Xilinx/14.7/ISE_DS/PlanAhead/data\./parts/xilinx/spartan3e/spartan3e/hd_int_macros.edn]
Finished Parsing EDIF File [C:/Xilinx/14.7/ISE_DS/PlanAhead/data\./parts/xilinx/spartan3e/spartan3e/hd_int_macros.edn]
WARNING: [Netlist 29-43] Netlist 'processor' is not ideal for floorplanning, since the cellview 'processor' defined in file 'processor.ngc' contains large number of primitives.  Please consider enabling hierarchy in synthesis if you want to do floorplanning.
Loading clock regions from C:/Xilinx/14.7/ISE_DS/PlanAhead/data\parts/xilinx/spartan3e/spartan3e/xc3s1200e/ClockRegion.xml
Loading clock buffers from C:/Xilinx/14.7/ISE_DS/PlanAhead/data\parts/xilinx/spartan3e/spartan3e/xc3s1200e/ClockBuffers.xml
Loading package from C:/Xilinx/14.7/ISE_DS/PlanAhead/data\parts/xilinx/spartan3e/spartan3e/xc3s1200e/fg320/Package.xml
Loading io standards from C:/Xilinx/14.7/ISE_DS/PlanAhead/data\./parts/xilinx/spartan3e/IOStandards.xml
INFO: [Device 21-19] Loading pkg sso from C:/Xilinx/14.7/ISE_DS/PlanAhead/data\parts/xilinx/spartan3e/spartan3e/xc3s1200e/fg320/SSORules.xml
Loading list of drcs for the architecture : C:/Xilinx/14.7/ISE_DS/PlanAhead/data\./parts/xilinx/spartan3e/spartan3e/drc.xml
INFO: [Timing 38-77] Reading timing library C:/Xilinx/14.7/ISE_DS/PlanAhead/data\parts/xilinx/spartan3e/spartan3e/spartan3e-4.lib.
INFO: [Timing 38-34] Done reading timing library C:/Xilinx/14.7/ISE_DS/PlanAhead/data\parts/xilinx/spartan3e/spartan3e/spartan3e-4.lib.
Parsing UCF File [Z:/amadeus/academic_materials/Semester_Fall2017/Computer_Orgnization/projects/MIPS16-processor/processor/processor.ucf]
Finished Parsing UCF File [Z:/amadeus/academic_materials/Semester_Fall2017/Computer_Orgnization/projects/MIPS16-processor/processor/processor.ucf]
INFO: [Project 1-111] Unisim Transformation Summary:
No Unisim elements were transformed.

Phase 0 | Netlist Checksum: 3966b1d2
link_design: Time (s): elapsed = 00:00:13 . Memory (MB): peak = 616.734 ; gain = 125.516
exit
ERROR: [PlanAhead 12-106] *** Exception: ui.h.b: Found deleted key in HTclEventBroker. Verify if the classes listed here call cleanup()
HTclEvent: DEBUG_CORE_CONFIG_CHANGE   Classes: ui.views.aR 
HTclEvent: SIGNAL_BUS_MODIFY   Classes: ui.views.aR 
HTclEvent: SIGNAL_MODIFY   Classes: ui.views.aR 
HTclEvent: DEBUG_PORT_CONFIG_CHANGE   Classes: ui.views.aR 
 (See Z:/amadeus/academic_materials/Semester_Fall2017/Computer_Orgnization/projects/MIPS16-processor/processor\planAhead_pid2608.debug)
ERROR: [Common 17-39] 'stop_gui' failed due to earlier errors.
INFO: [Common 17-206] Exiting PlanAhead at Sat Dec 02 18:03:46 2017...
INFO: [Common 17-83] Releasing license: PlanAhead
