#-----------------------------------------------------------
# PlanAhead v14.6
# Build 269223 by xbuild on Wed Jun  5 11:17:50 MDT 2013
# Start of session at: Sat Dec 02 19:51:44 2017
# Process ID: 5952
# Log file: C:/Users/cslab/Downloads/MIPS16-processor-master/processor/planAhead_run_5/planAhead.log
# Journal file: C:/Users/cslab/Downloads/MIPS16-processor-master/processor/planAhead_run_5/planAhead.jou
#-----------------------------------------------------------
INFO: [Common 17-78] Attempting to get a license: PlanAhead
INFO: [Common 17-290] Got license for PlanAhead
INFO: [Common 17-86] Your PlanAhead license expires in -366 day(s)
INFO: [Device 21-36] Loading parts and site information from C:/Xilinx/14.6/ISE_DS/PlanAhead/data/parts/arch.xml
Parsing RTL primitives file [C:/Xilinx/14.6/ISE_DS/PlanAhead/data/parts/xilinx/rtl/prims/rtl_prims.xml]
Finished parsing RTL primitives file [C:/Xilinx/14.6/ISE_DS/PlanAhead/data/parts/xilinx/rtl/prims/rtl_prims.xml]
start_gui
source C:/Users/cslab/Downloads/MIPS16-processor-master/processor/pa.fromNetlist.tcl
# create_project -name processor -dir "C:/Users/cslab/Downloads/MIPS16-processor-master/processor/planAhead_run_5" -part xc3s1200efg320-4
create_project: Time (s): elapsed = 00:01:04 . Memory (MB): peak = 360.520 ; gain = 33.367
INFO: [Common 17-41] Interrupt caught. Command should exit soon.
INFO: [Common 17-344] 'current_run' was cancelled
INFO: [Common 17-344] 'source' was cancelled
exit
ERROR: [PlanAhead 12-106] *** Exception: ui.h.b: Found deleted key in HTclEventBroker. Verify if the classes listed here call cleanup()
HTclEvent: SIGNAL_MODIFY   Classes: ui.views.aR 
HTclEvent: DEBUG_CORE_CONFIG_CHANGE   Classes: ui.views.aR 
HTclEvent: SIGNAL_BUS_MODIFY   Classes: ui.views.aR 
HTclEvent: DEBUG_PORT_CONFIG_CHANGE   Classes: ui.views.aR 
 (See C:/Users/cslab/Downloads/MIPS16-processor-master/processor\planAhead_pid5952.debug)
ERROR: [Common 17-39] 'stop_gui' failed due to earlier errors.
INFO: [Common 17-206] Exiting PlanAhead at Sat Dec 02 19:55:59 2017...
INFO: [Common 17-83] Releasing license: PlanAhead
